<?xml version="1.0" encoding="UTF-8"?>
<!-- Generated by org.testng.reporters.JUnitReportReporter -->
<testsuite hostname="DESKTOP-FJ7R3VL" failures="0" tests="1" name="Register.UserLogin" time="18.537" errors="0" timestamp="2022-09-22T12:17:57 IST" skipped="0">
  <testcase classname="Register.UserLogin" name="Login" time="18.537"/>
  <system-out/>
</testsuite> <!-- Register.UserLogin -->
