<?xml version="1.0" encoding="UTF-8"?>
<!-- Generated by org.testng.reporters.JUnitReportReporter -->
<testsuite hostname="DESKTOP-FJ7R3VL" failures="0" tests="1" name="Register.Verify_URL" time="7.376" errors="0" timestamp="2022-09-22T11:31:16 IST" skipped="0">
  <testcase classname="Register.Verify_URL" name="LaunchedWeb" time="7.376"/>
  <system-out/>
</testsuite> <!-- Register.Verify_URL -->
